
info [Thu Sep 12 2019 08:16:11 GMT-0400 (Eastern Daylight Time)]  Thu Sep 12 2019 08:16:11 GMT-0400 (Eastern Daylight Time): GET /
info [Thu Sep 12 2019 08:16:11 GMT-0400 (Eastern Daylight Time)]  Thu Sep 12 2019 08:16:11 GMT-0400 (Eastern Daylight Time): GET /css/styles.css
info [Thu Sep 12 2019 08:16:11 GMT-0400 (Eastern Daylight Time)]  Thu Sep 12 2019 08:16:11 GMT-0400 (Eastern Daylight Time): GET /js/scripts.js
info [Thu Sep 12 2019 08:16:11 GMT-0400 (Eastern Daylight Time)]  Thu Sep 12 2019 08:16:11 GMT-0400 (Eastern Daylight Time): GET /favicon.ico
info [Thu Sep 12 2019 08:16:14 GMT-0400 (Eastern Daylight Time)]  Thu Sep 12 2019 08:16:14 GMT-0400 (Eastern Daylight Time): GET /css/styles.css

info [Thu Sep 12 2019 08:16:56 GMT-0400 (Eastern Daylight Time)]  Thu Sep 12 2019 08:16:56 GMT-0400 (Eastern Daylight Time): GET /
info [Thu Sep 12 2019 08:16:56 GMT-0400 (Eastern Daylight Time)]  Thu Sep 12 2019 08:16:56 GMT-0400 (Eastern Daylight Time): GET /css/styles.css
info [Thu Sep 12 2019 08:16:56 GMT-0400 (Eastern Daylight Time)]  Thu Sep 12 2019 08:16:56 GMT-0400 (Eastern Daylight Time): GET /js/scripts.js
info [Thu Sep 12 2019 08:16:56 GMT-0400 (Eastern Daylight Time)]  Thu Sep 12 2019 08:16:56 GMT-0400 (Eastern Daylight Time): GET /favicon.ico
info [Thu Sep 12 2019 08:17:09 GMT-0400 (Eastern Daylight Time)]  Thu Sep 12 2019 08:17:09 GMT-0400 (Eastern Daylight Time): GET /
info [Thu Sep 12 2019 08:17:10 GMT-0400 (Eastern Daylight Time)]  Thu Sep 12 2019 08:17:10 GMT-0400 (Eastern Daylight Time): GET /css/styles.css
info [Thu Sep 12 2019 08:17:10 GMT-0400 (Eastern Daylight Time)]  Thu Sep 12 2019 08:17:10 GMT-0400 (Eastern Daylight Time): GET /js/scripts.js
info [Thu Sep 12 2019 08:17:10 GMT-0400 (Eastern Daylight Time)]  Thu Sep 12 2019 08:17:10 GMT-0400 (Eastern Daylight Time): GET /favicon.ico

info [Thu Sep 12 2019 08:17:24 GMT-0400 (Eastern Daylight Time)]  Thu Sep 12 2019 08:17:24 GMT-0400 (Eastern Daylight Time): GET /
info [Thu Sep 12 2019 08:17:24 GMT-0400 (Eastern Daylight Time)]  Thu Sep 12 2019 08:17:24 GMT-0400 (Eastern Daylight Time): GET /css/styles.css
info [Thu Sep 12 2019 08:17:24 GMT-0400 (Eastern Daylight Time)]  Thu Sep 12 2019 08:17:24 GMT-0400 (Eastern Daylight Time): GET /js/scripts.js
info [Thu Sep 12 2019 08:17:24 GMT-0400 (Eastern Daylight Time)]  Thu Sep 12 2019 08:17:24 GMT-0400 (Eastern Daylight Time): GET /favicon.ico

info [Thu Sep 12 2019 08:18:23 GMT-0400 (Eastern Daylight Time)]  Thu Sep 12 2019 08:18:23 GMT-0400 (Eastern Daylight Time): GET /
info [Thu Sep 12 2019 08:18:23 GMT-0400 (Eastern Daylight Time)]  Thu Sep 12 2019 08:18:23 GMT-0400 (Eastern Daylight Time): GET /favicon.ico
info [Thu Sep 12 2019 08:19:06 GMT-0400 (Eastern Daylight Time)]  Thu Sep 12 2019 08:19:06 GMT-0400 (Eastern Daylight Time): GET /img/favicon.ico
info [Thu Sep 12 2019 08:19:10 GMT-0400 (Eastern Daylight Time)]  Thu Sep 12 2019 08:19:10 GMT-0400 (Eastern Daylight Time): GET /
info [Thu Sep 12 2019 08:19:10 GMT-0400 (Eastern Daylight Time)]  Thu Sep 12 2019 08:19:10 GMT-0400 (Eastern Daylight Time): GET /img/favicon.ico

info [Thu Sep 12 2019 08:19:29 GMT-0400 (Eastern Daylight Time)]  Thu Sep 12 2019 08:19:29 GMT-0400 (Eastern Daylight Time): GET /img/favicon.ico
info [Thu Sep 12 2019 08:19:33 GMT-0400 (Eastern Daylight Time)]  Thu Sep 12 2019 08:19:33 GMT-0400 (Eastern Daylight Time): GET /
info [Thu Sep 12 2019 08:19:33 GMT-0400 (Eastern Daylight Time)]  Thu Sep 12 2019 08:19:33 GMT-0400 (Eastern Daylight Time): GET /css/styles.css
info [Thu Sep 12 2019 08:19:33 GMT-0400 (Eastern Daylight Time)]  Thu Sep 12 2019 08:19:33 GMT-0400 (Eastern Daylight Time): GET /js/scripts.js
info [Thu Sep 12 2019 08:19:33 GMT-0400 (Eastern Daylight Time)]  Thu Sep 12 2019 08:19:33 GMT-0400 (Eastern Daylight Time): GET /favicon.ico
info [Thu Sep 12 2019 08:20:33 GMT-0400 (Eastern Daylight Time)]  Thu Sep 12 2019 08:20:33 GMT-0400 (Eastern Daylight Time): GET /
info [Thu Sep 12 2019 08:20:33 GMT-0400 (Eastern Daylight Time)]  Thu Sep 12 2019 08:20:33 GMT-0400 (Eastern Daylight Time): GET /css/styles.css
info [Thu Sep 12 2019 08:20:33 GMT-0400 (Eastern Daylight Time)]  Thu Sep 12 2019 08:20:33 GMT-0400 (Eastern Daylight Time): GET /js/scripts.js
info [Thu Sep 12 2019 08:20:33 GMT-0400 (Eastern Daylight Time)]  Thu Sep 12 2019 08:20:33 GMT-0400 (Eastern Daylight Time): GET /favicon.ico
info [Thu Sep 12 2019 08:22:25 GMT-0400 (Eastern Daylight Time)]  Thu Sep 12 2019 08:22:25 GMT-0400 (Eastern Daylight Time): GET /
info [Thu Sep 12 2019 08:22:25 GMT-0400 (Eastern Daylight Time)]  Thu Sep 12 2019 08:22:25 GMT-0400 (Eastern Daylight Time): GET /css/styles.css
info [Thu Sep 12 2019 08:22:25 GMT-0400 (Eastern Daylight Time)]  Thu Sep 12 2019 08:22:25 GMT-0400 (Eastern Daylight Time): GET /js/scripts.js
info [Thu Sep 12 2019 08:22:25 GMT-0400 (Eastern Daylight Time)]  Thu Sep 12 2019 08:22:25 GMT-0400 (Eastern Daylight Time): GET /favicon.ico
info [Thu Sep 12 2019 08:22:48 GMT-0400 (Eastern Daylight Time)]  Thu Sep 12 2019 08:22:48 GMT-0400 (Eastern Daylight Time): GET /
info [Thu Sep 12 2019 08:22:48 GMT-0400 (Eastern Daylight Time)]  Thu Sep 12 2019 08:22:48 GMT-0400 (Eastern Daylight Time): GET /css/styles.css
info [Thu Sep 12 2019 08:22:48 GMT-0400 (Eastern Daylight Time)]  Thu Sep 12 2019 08:22:48 GMT-0400 (Eastern Daylight Time): GET /js/scripts.js
info [Thu Sep 12 2019 08:22:48 GMT-0400 (Eastern Daylight Time)]  Thu Sep 12 2019 08:22:48 GMT-0400 (Eastern Daylight Time): GET /favicon.ico
info [Thu Sep 12 2019 08:23:27 GMT-0400 (Eastern Daylight Time)]  Thu Sep 12 2019 08:23:27 GMT-0400 (Eastern Daylight Time): GET /
info [Thu Sep 12 2019 08:23:27 GMT-0400 (Eastern Daylight Time)]  Thu Sep 12 2019 08:23:27 GMT-0400 (Eastern Daylight Time): GET /css/styles.css
info [Thu Sep 12 2019 08:23:27 GMT-0400 (Eastern Daylight Time)]  Thu Sep 12 2019 08:23:27 GMT-0400 (Eastern Daylight Time): GET /js/scripts.js
info [Thu Sep 12 2019 08:23:27 GMT-0400 (Eastern Daylight Time)]  Thu Sep 12 2019 08:23:27 GMT-0400 (Eastern Daylight Time): GET /favicon.ico


info [Thu Sep 12 2019 08:26:30 GMT-0400 (Eastern Daylight Time)]  Thu Sep 12 2019 08:26:30 GMT-0400 (Eastern Daylight Time): GET /
info [Thu Sep 12 2019 08:26:31 GMT-0400 (Eastern Daylight Time)]  Thu Sep 12 2019 08:26:31 GMT-0400 (Eastern Daylight Time): GET /js/scripts.js
info [Thu Sep 12 2019 08:26:31 GMT-0400 (Eastern Daylight Time)]  Thu Sep 12 2019 08:26:31 GMT-0400 (Eastern Daylight Time): GET /favicon.ico
info [Thu Sep 12 2019 08:27:04 GMT-0400 (Eastern Daylight Time)]  Thu Sep 12 2019 08:27:04 GMT-0400 (Eastern Daylight Time): GET /
info [Thu Sep 12 2019 08:27:04 GMT-0400 (Eastern Daylight Time)]  Thu Sep 12 2019 08:27:04 GMT-0400 (Eastern Daylight Time): GET /js/scripts.js
info [Thu Sep 12 2019 08:27:04 GMT-0400 (Eastern Daylight Time)]  Thu Sep 12 2019 08:27:04 GMT-0400 (Eastern Daylight Time): GET /favicon.ico
info [Thu Sep 12 2019 08:27:15 GMT-0400 (Eastern Daylight Time)]  Thu Sep 12 2019 08:27:15 GMT-0400 (Eastern Daylight Time): GET /
info [Thu Sep 12 2019 08:27:15 GMT-0400 (Eastern Daylight Time)]  Thu Sep 12 2019 08:27:15 GMT-0400 (Eastern Daylight Time): GET /js/scripts.js
info [Thu Sep 12 2019 08:27:15 GMT-0400 (Eastern Daylight Time)]  Thu Sep 12 2019 08:27:15 GMT-0400 (Eastern Daylight Time): GET /favicon.ico
info [Thu Sep 12 2019 08:27:25 GMT-0400 (Eastern Daylight Time)]  Thu Sep 12 2019 08:27:25 GMT-0400 (Eastern Daylight Time): GET /
info [Thu Sep 12 2019 08:27:25 GMT-0400 (Eastern Daylight Time)]  Thu Sep 12 2019 08:27:25 GMT-0400 (Eastern Daylight Time): GET /js/scripts.js
info [Thu Sep 12 2019 08:27:25 GMT-0400 (Eastern Daylight Time)]  Thu Sep 12 2019 08:27:25 GMT-0400 (Eastern Daylight Time): GET /favicon.ico
info [Thu Sep 12 2019 08:27:33 GMT-0400 (Eastern Daylight Time)]  Thu Sep 12 2019 08:27:33 GMT-0400 (Eastern Daylight Time): GET /
info [Thu Sep 12 2019 08:27:34 GMT-0400 (Eastern Daylight Time)]  Thu Sep 12 2019 08:27:34 GMT-0400 (Eastern Daylight Time): GET /js/scripts.js
info [Thu Sep 12 2019 08:27:34 GMT-0400 (Eastern Daylight Time)]  Thu Sep 12 2019 08:27:34 GMT-0400 (Eastern Daylight Time): GET /favicon.ico
info [Thu Sep 12 2019 08:28:05 GMT-0400 (Eastern Daylight Time)]  Thu Sep 12 2019 08:28:05 GMT-0400 (Eastern Daylight Time): GET /
info [Thu Sep 12 2019 08:28:05 GMT-0400 (Eastern Daylight Time)]  Thu Sep 12 2019 08:28:05 GMT-0400 (Eastern Daylight Time): GET /js/scripts.js
info [Thu Sep 12 2019 08:28:05 GMT-0400 (Eastern Daylight Time)]  Thu Sep 12 2019 08:28:05 GMT-0400 (Eastern Daylight Time): GET /404.html
info [Thu Sep 12 2019 08:28:06 GMT-0400 (Eastern Daylight Time)]  Thu Sep 12 2019 08:28:06 GMT-0400 (Eastern Daylight Time): GET /404.html
info [Thu Sep 12 2019 08:28:06 GMT-0400 (Eastern Daylight Time)]  Thu Sep 12 2019 08:28:06 GMT-0400 (Eastern Daylight Time): GET /404.html
info [Thu Sep 12 2019 08:28:06 GMT-0400 (Eastern Daylight Time)]  Thu Sep 12 2019 08:28:06 GMT-0400 (Eastern Daylight Time): GET /404.html
info [Thu Sep 12 2019 08:28:06 GMT-0400 (Eastern Daylight Time)]  Thu Sep 12 2019 08:28:06 GMT-0400 (Eastern Daylight Time): GET /404.html
info [Thu Sep 12 2019 08:28:06 GMT-0400 (Eastern Daylight Time)]  Thu Sep 12 2019 08:28:06 GMT-0400 (Eastern Daylight Time): GET /404.html
info [Thu Sep 12 2019 08:28:06 GMT-0400 (Eastern Daylight Time)]  Thu Sep 12 2019 08:28:06 GMT-0400 (Eastern Daylight Time): GET /404.html
info [Thu Sep 12 2019 08:28:06 GMT-0400 (Eastern Daylight Time)]  Thu Sep 12 2019 08:28:06 GMT-0400 (Eastern Daylight Time): GET /404.html
info [Thu Sep 12 2019 08:28:06 GMT-0400 (Eastern Daylight Time)]  Thu Sep 12 2019 08:28:06 GMT-0400 (Eastern Daylight Time): GET /404.html
info [Thu Sep 12 2019 08:28:06 GMT-0400 (Eastern Daylight Time)]  Thu Sep 12 2019 08:28:06 GMT-0400 (Eastern Daylight Time): GET /404.html
info [Thu Sep 12 2019 08:28:06 GMT-0400 (Eastern Daylight Time)]  Thu Sep 12 2019 08:28:06 GMT-0400 (Eastern Daylight Time): GET /404.html
info [Thu Sep 12 2019 08:28:06 GMT-0400 (Eastern Daylight Time)]  Thu Sep 12 2019 08:28:06 GMT-0400 (Eastern Daylight Time): GET /404.html
info [Thu Sep 12 2019 08:28:06 GMT-0400 (Eastern Daylight Time)]  Thu Sep 12 2019 08:28:06 GMT-0400 (Eastern Daylight Time): GET /404.html
info [Thu Sep 12 2019 08:28:06 GMT-0400 (Eastern Daylight Time)]  Thu Sep 12 2019 08:28:06 GMT-0400 (Eastern Daylight Time): GET /404.html
info [Thu Sep 12 2019 08:28:06 GMT-0400 (Eastern Daylight Time)]  Thu Sep 12 2019 08:28:06 GMT-0400 (Eastern Daylight Time): GET /404.html
info [Thu Sep 12 2019 08:28:06 GMT-0400 (Eastern Daylight Time)]  Thu Sep 12 2019 08:28:06 GMT-0400 (Eastern Daylight Time): GET /404.html
info [Thu Sep 12 2019 08:28:06 GMT-0400 (Eastern Daylight Time)]  Thu Sep 12 2019 08:28:06 GMT-0400 (Eastern Daylight Time): GET /404.html
info [Thu Sep 12 2019 08:28:06 GMT-0400 (Eastern Daylight Time)]  Thu Sep 12 2019 08:28:06 GMT-0400 (Eastern Daylight Time): GET /404.html
info [Thu Sep 12 2019 08:28:06 GMT-0400 (Eastern Daylight Time)]  Thu Sep 12 2019 08:28:06 GMT-0400 (Eastern Daylight Time): GET /404.html
info [Thu Sep 12 2019 08:28:06 GMT-0400 (Eastern Daylight Time)]  Thu Sep 12 2019 08:28:06 GMT-0400 (Eastern Daylight Time): GET /404.html
info [Thu Sep 12 2019 08:28:06 GMT-0400 (Eastern Daylight Time)]  Thu Sep 12 2019 08:28:06 GMT-0400 (Eastern Daylight Time): GET /favicon.ico
info [Thu Sep 12 2019 08:28:06 GMT-0400 (Eastern Daylight Time)]  Thu Sep 12 2019 08:28:06 GMT-0400 (Eastern Daylight Time): GET /404.html
info [Thu Sep 12 2019 08:28:06 GMT-0400 (Eastern Daylight Time)]  Thu Sep 12 2019 08:28:06 GMT-0400 (Eastern Daylight Time): GET /404.html
info [Thu Sep 12 2019 08:28:06 GMT-0400 (Eastern Daylight Time)]  Thu Sep 12 2019 08:28:06 GMT-0400 (Eastern Daylight Time): GET /404.html
info [Thu Sep 12 2019 08:28:06 GMT-0400 (Eastern Daylight Time)]  Thu Sep 12 2019 08:28:06 GMT-0400 (Eastern Daylight Time): GET /404.html
info [Thu Sep 12 2019 08:28:06 GMT-0400 (Eastern Daylight Time)]  Thu Sep 12 2019 08:28:06 GMT-0400 (Eastern Daylight Time): GET /404.html
info [Thu Sep 12 2019 08:28:06 GMT-0400 (Eastern Daylight Time)]  Thu Sep 12 2019 08:28:06 GMT-0400 (Eastern Daylight Time): GET /404.html
info [Thu Sep 12 2019 08:28:06 GMT-0400 (Eastern Daylight Time)]  Thu Sep 12 2019 08:28:06 GMT-0400 (Eastern Daylight Time): GET /404.html
info [Thu Sep 12 2019 08:28:06 GMT-0400 (Eastern Daylight Time)]  Thu Sep 12 2019 08:28:06 GMT-0400 (Eastern Daylight Time): GET /404.html
info [Thu Sep 12 2019 08:28:06 GMT-0400 (Eastern Daylight Time)]  Thu Sep 12 2019 08:28:06 GMT-0400 (Eastern Daylight Time): GET /404.html
info [Thu Sep 12 2019 08:28:06 GMT-0400 (Eastern Daylight Time)]  Thu Sep 12 2019 08:28:06 GMT-0400 (Eastern Daylight Time): GET /404.html
info [Thu Sep 12 2019 08:28:06 GMT-0400 (Eastern Daylight Time)]  Thu Sep 12 2019 08:28:06 GMT-0400 (Eastern Daylight Time): GET /404.html
info [Thu Sep 12 2019 08:28:06 GMT-0400 (Eastern Daylight Time)]  Thu Sep 12 2019 08:28:06 GMT-0400 (Eastern Daylight Time): GET /404.html
info [Thu Sep 12 2019 08:28:06 GMT-0400 (Eastern Daylight Time)]  Thu Sep 12 2019 08:28:06 GMT-0400 (Eastern Daylight Time): GET /404.html
info [Thu Sep 12 2019 08:28:06 GMT-0400 (Eastern Daylight Time)]  Thu Sep 12 2019 08:28:06 GMT-0400 (Eastern Daylight Time): GET /404.html
info [Thu Sep 12 2019 08:28:06 GMT-0400 (Eastern Daylight Time)]  Thu Sep 12 2019 08:28:06 GMT-0400 (Eastern Daylight Time): GET /404.html
info [Thu Sep 12 2019 08:28:06 GMT-0400 (Eastern Daylight Time)]  Thu Sep 12 2019 08:28:06 GMT-0400 (Eastern Daylight Time): GET /404.html
info [Thu Sep 12 2019 08:28:06 GMT-0400 (Eastern Daylight Time)]  Thu Sep 12 2019 08:28:06 GMT-0400 (Eastern Daylight Time): GET /404.html
info [Thu Sep 12 2019 08:28:06 GMT-0400 (Eastern Daylight Time)]  Thu Sep 12 2019 08:28:06 GMT-0400 (Eastern Daylight Time): GET /404.html
info [Thu Sep 12 2019 08:28:06 GMT-0400 (Eastern Daylight Time)]  Thu Sep 12 2019 08:28:06 GMT-0400 (Eastern Daylight Time): GET /404.html
info [Thu Sep 12 2019 08:28:06 GMT-0400 (Eastern Daylight Time)]  Thu Sep 12 2019 08:28:06 GMT-0400 (Eastern Daylight Time): GET /404.html
info [Thu Sep 12 2019 08:31:33 GMT-0400 (Eastern Daylight Time)]  Thu Sep 12 2019 08:31:33 GMT-0400 (Eastern Daylight Time): GET /
info [Thu Sep 12 2019 08:31:33 GMT-0400 (Eastern Daylight Time)]  Thu Sep 12 2019 08:31:33 GMT-0400 (Eastern Daylight Time): GET /js/scripts.js
info [Thu Sep 12 2019 08:31:33 GMT-0400 (Eastern Daylight Time)]  Thu Sep 12 2019 08:31:33 GMT-0400 (Eastern Daylight Time): GET /favicon.ico

info [Thu Sep 12 2019 08:35:51 GMT-0400 (Eastern Daylight Time)]  Thu Sep 12 2019 08:35:51 GMT-0400 (Eastern Daylight Time): GET /
info [Thu Sep 12 2019 08:35:51 GMT-0400 (Eastern Daylight Time)]  Thu Sep 12 2019 08:35:51 GMT-0400 (Eastern Daylight Time): GET /favicon.ico
info [Thu Sep 12 2019 08:35:53 GMT-0400 (Eastern Daylight Time)]  Thu Sep 12 2019 08:35:53 GMT-0400 (Eastern Daylight Time): GET /leagues
info [Thu Sep 12 2019 08:35:54 GMT-0400 (Eastern Daylight Time)]  Thu Sep 12 2019 08:35:54 GMT-0400 (Eastern Daylight Time): GET /teams
info [Thu Sep 12 2019 08:36:00 GMT-0400 (Eastern Daylight Time)]  Thu Sep 12 2019 08:36:00 GMT-0400 (Eastern Daylight Time): GET /leagues
info [Thu Sep 12 2019 08:36:01 GMT-0400 (Eastern Daylight Time)]  Thu Sep 12 2019 08:36:01 GMT-0400 (Eastern Daylight Time): GET /teams
info [Thu Sep 12 2019 08:36:29 GMT-0400 (Eastern Daylight Time)]  Thu Sep 12 2019 08:36:29 GMT-0400 (Eastern Daylight Time): GET /
info [Thu Sep 12 2019 08:36:30 GMT-0400 (Eastern Daylight Time)]  Thu Sep 12 2019 08:36:30 GMT-0400 (Eastern Daylight Time): GET /favicon.ico
info [Thu Sep 12 2019 08:36:30 GMT-0400 (Eastern Daylight Time)]  Thu Sep 12 2019 08:36:30 GMT-0400 (Eastern Daylight Time): GET /leagues
info [Thu Sep 12 2019 08:36:31 GMT-0400 (Eastern Daylight Time)]  Thu Sep 12 2019 08:36:31 GMT-0400 (Eastern Daylight Time): GET /teams
info [Thu Sep 12 2019 08:36:36 GMT-0400 (Eastern Daylight Time)]  Thu Sep 12 2019 08:36:36 GMT-0400 (Eastern Daylight Time): GET /leagues
info [Thu Sep 12 2019 08:36:37 GMT-0400 (Eastern Daylight Time)]  Thu Sep 12 2019 08:36:37 GMT-0400 (Eastern Daylight Time): GET /teams
info [Thu Sep 12 2019 08:36:38 GMT-0400 (Eastern Daylight Time)]  Thu Sep 12 2019 08:36:38 GMT-0400 (Eastern Daylight Time): GET /leagues
info [Thu Sep 12 2019 08:36:39 GMT-0400 (Eastern Daylight Time)]  Thu Sep 12 2019 08:36:39 GMT-0400 (Eastern Daylight Time): GET /teams
info [Thu Sep 12 2019 08:36:39 GMT-0400 (Eastern Daylight Time)]  Thu Sep 12 2019 08:36:39 GMT-0400 (Eastern Daylight Time): GET /leagues

info [Thu Sep 12 2019 08:55:27 GMT-0400 (Eastern Daylight Time)]  Thu Sep 12 2019 08:55:27 GMT-0400 (Eastern Daylight Time): GET /
info [Thu Sep 12 2019 08:55:28 GMT-0400 (Eastern Daylight Time)]  Thu Sep 12 2019 08:55:28 GMT-0400 (Eastern Daylight Time): GET /favicon.ico
info [Thu Sep 12 2019 08:55:29 GMT-0400 (Eastern Daylight Time)]  Thu Sep 12 2019 08:55:29 GMT-0400 (Eastern Daylight Time): GET /leagues
info [Thu Sep 12 2019 08:55:29 GMT-0400 (Eastern Daylight Time)]  Thu Sep 12 2019 08:55:29 GMT-0400 (Eastern Daylight Time): GET /teams
info [Thu Sep 12 2019 08:55:29 GMT-0400 (Eastern Daylight Time)]  Thu Sep 12 2019 08:55:29 GMT-0400 (Eastern Daylight Time): GET /teams
info [Thu Sep 12 2019 08:55:30 GMT-0400 (Eastern Daylight Time)]  Thu Sep 12 2019 08:55:30 GMT-0400 (Eastern Daylight Time): GET /leagues
